#
# A fatal error has been detected by the Java Runtime Environment:
#
#  EXCEPTION_ACCESS_VIOLATION (0xc0000005) at pc=0x00007ffcdeebc52a, pid=3016, tid=6556
#
# JRE version: OpenJDK Runtime Environment Temurin-17+35 (17.0+35) (build 17+35)
# Java VM: OpenJDK 64-Bit Server VM Temurin-17+35 (17+35, mixed mode, emulated-client, tiered, compressed oops, compressed class ptrs, g1 gc, windows-amd64)
# Problematic frame:
# V  [jvm.dll+0x79c52a]
#
# No core dump will be written. Minidumps are not enabled by default on client versions of Windows
#
# If you would like to submit a bug report, please visit:
#   https://github.com/adoptium/adoptium-support/issues
#

---------------  S U M M A R Y ------------

Command Line: -XX:+ShowCodeDetailsInExceptionMessages -agentlib:jdwp=transport=dt_socket,suspend=y,address=localhost:62531 -Dcom.sun.management.jmxremote -Dcom.sun.management.jmxremote.port=62530 -Dcom.sun.management.jmxremote.authenticate=false -Dcom.sun.management.jmxremote.ssl=false -Djava.rmi.server.hostname=localhost -Dspring.jmx.enabled=true -Dspring.application.admin.enabled=true -XX:TieredStopAtLevel=1 -Dspring.boot.project.name=activos_fijos -javaagent:C:\Users\lramirez\.eclipse\org.eclipse.platform_4.21.0_1300902184_win32_win32_x86_64\configuration\org.eclipse.osgi\258\0\.cp\lib\javaagent-shaded.jar -Dfile.encoding=UTF-8 com.asd.activos_fijos.ActivosFijosApplication --spring.output.ansi.enabled=always

Host: Intel(R) Core(TM) i5-4260U CPU @ 1.40GHz, 2 cores, 2G,  Windows 10 , 64 bit Build 19041 (10.0.19041.1348)
Time: Mon Jan 10 01:01:33 2022 Hora est. Pacífico, Sudamérica elapsed time: 461.467332 seconds (0d 0h 7m 41s)

---------------  T H R E A D  ---------------

Current thread (0x00000271e6d54f00):  JavaThread "JDWP Transport Listener: dt_socket" daemon [_thread_in_vm, id=6556, stack(0x000000ef5ef00000,0x000000ef5f000000)]

Stack: [0x000000ef5ef00000,0x000000ef5f000000],  sp=0x000000ef5efff480,  free space=1021k
Native frames: (J=compiled Java code, j=interpreted, Vv=VM code, C=native code)
V  [jvm.dll+0x79c52a]
V  [jvm.dll+0x50867c]
V  [jvm.dll+0x4cfce4]
C  [jdwp.dll+0x22dff]


siginfo: EXCEPTION_ACCESS_VIOLATION (0xc0000005), reading address 0x00000000008a0078


Register to memory mapping:

RIP=0x00007ffcdeebc52a jvm.dll
RAX=0x000000000000008b is an unknown value
RBX=0x00000271e626cb66 points into unknown readable memory: 00 3b
RCX=0x00000000008a0074 is an unknown value
RDX=0x00000271ebee3ea0 points into unknown readable memory: 0x6473612f6d6f634c | 4c 63 6f 6d 2f 61 73 64
RSP=0x000000ef5efff480 is pointing into the stack for thread: 0x00000271e6d54f00
RBP=0x00000271e6d68650 points into unknown readable memory: 0x004d002d00000002 | 02 00 00 00 2d 00 4d 00
RSI=0x0 is NULL
RDI=0xffffffffffffffff is an unknown value
R8 =0x00000000000001f5 is an unknown value
R9 =0x0000000000000040 is an unknown value
R10=0x00000000000001c0 is an unknown value
R11=0x000000ef5efff4a0 is pointing into the stack for thread: 0x00000271e6d54f00
R12=0x000000ef5efff5d8 is pointing into the stack for thread: 0x00000271e6d54f00
R13=0x0 is NULL
R14=0x000000010035c800 is a pointer to class: 
com.asd.activos_fijos.service.impl.AreasServiceImpl {0x000000010035c808}
 - instance size:     3
 - klass size:        86
 - access:            public synchronized 
 - state:             fully_initialized
 - name:              'com/asd/activos_fijos/service/impl/AreasServiceImpl'
 - super:             'com/asd/activos_fijos/commons/impl/GenericServiceImpl'
 - sub:               
 - arrays:            NULL
 - methods:           Array<T>(0x00000271eb79a3a8)
 - method ordering:   Array<T>(0x00000271ea15a4d0)
 - default_methods:   Array<T>(0x0000000000000000)
 - local interfaces:  Array<T>(0x00000271ea15fc98)
 - trans. interfaces: Array<T>(0x00000271ea15a5f8)
 - constants:         constant pool [147] {0x00000271ed096150} for 'com/asd/activos_fijos/service/impl/AreasServiceImpl' cache=0x00000271ed096628
 - class loader data:  loader data: 0x00000271e6cf6470 for instance a 'jdk/internal/loader/ClassLoaders$AppClassLoader'{0x00000000d07cafc0}
 - source file:       'AreasServiceImpl.java'
 - source debug extension:       SMAP
AreasServiceImpl.java
Java
*S jdt
*F
1 AreasServiceImpl.java
2 file:/C:/Users/lramirez/repositorio/activos_fijos/target/classes/
*L
*E

 - class annotations:       Array<T>(0x00000271ed095910)
 - class type annotations:  Array<T>(0x0000000000000000)
 - field annotations:       Array<T>(0x00000271ea15ffb0)
 - field type annotations:  Array<T>(0x0000000000000000)
 - generic signature: '
[error occurred during error reporting (printing register info), id 0xc0000005, EXCEPTION_ACCESS_VIOLATION (0xc0000005) at pc=0x00007ffcdeebd136]

Registers:
RAX=0x000000000000008b, RBX=0x00000271e626cb66, RCX=0x00000000008a0074, RDX=0x00000271ebee3ea0
RSP=0x000000ef5efff480, RBP=0x00000271e6d68650, RSI=0x0000000000000000, RDI=0xffffffffffffffff
R8 =0x00000000000001f5, R9 =0x0000000000000040, R10=0x00000000000001c0, R11=0x000000ef5efff4a0
R12=0x000000ef5efff5d8, R13=0x0000000000000000, R14=0x000000010035c800, R15=0x000000ef5efff628
RIP=0x00007ffcdeebc52a, EFLAGS=0x0000000000010202

Top of Stack: (sp=0x000000ef5efff480)
0x000000ef5efff480:   0000000000000033 000000010035c800
0x000000ef5efff490:   00000271e6d54f00 0000000000000000
0x000000ef5efff4a0:   ffffffffffffffff 00007ffcdec2867c
0x000000ef5efff4b0:   00000271e626cb66 00000271e626cb30
0x000000ef5efff4c0:   00000271e6d68650 00000271ebea7f50
0x000000ef5efff4d0:   00000271e626cae0 00000000000003d8
0x000000ef5efff4e0:   00000271e626caf0 00000271e626cec8
0x000000ef5efff4f0:   0000000000000002 000000ef5efff5d8
0x000000ef5efff500:   0000000000000000 0000000000000000
0x000000ef5efff510:   00000000d1001ec8 00007ffcdebefce4
0x000000ef5efff520:   00000271e6d54f00 000000ef5efff628
0x000000ef5efff530:   00000271dbfdd520 000000ef5efff628
0x000000ef5efff540:   00000271e6d54f00 0000000000000000
0x000000ef5efff550:   0000027100000000 0000000000000000
0x000000ef5efff560:   000000000000000d 00007ffd05a72dff
0x000000ef5efff570:   000000ef5efff620 00007ffd05a81aa0 

Instructions: (pc=0x00007ffcdeebc52a)
0x00007ffcdeebc42a:   48 83 c4 20 5f e9 6c 96 90 ff cc cc cc cc cc cc
0x00007ffcdeebc43a:   cc cc cc cc cc cc 48 89 5c 24 08 57 48 83 ec 20
0x00007ffcdeebc44a:   83 fa 02 8d 42 06 b9 08 00 00 00 49 8b d8 0f 4e
0x00007ffcdeebc45a:   c1 48 63 c8 48 83 c1 07 83 e1 f8 48 63 f9 49 8b
0x00007ffcdeebc46a:   48 18 48 8b c7 48 f7 d0 48 3b c1 73 16 4c 8d 05
0x00007ffcdeebc47a:   ba 4c 17 00 48 8b d7 48 8b cb e8 77 f9 90 ff 48
0x00007ffcdeebc48a:   8b 4b 18 48 8d 04 39 48 3b 43 20 76 18 45 33 c0
0x00007ffcdeebc49a:   48 8b d7 48 8b cb 48 8b 5c 24 30 48 83 c4 20 5f
0x00007ffcdeebc4aa:   e9 d1 f5 90 ff 48 89 43 18 48 8b c1 48 8b 5c 24
0x00007ffcdeebc4ba:   30 48 83 c4 20 5f c3 cc cc cc cc cc cc cc cc cc
0x00007ffcdeebc4ca:   cc cc cc cc cc cc 4c 8b d2 4c 8b d9 45 85 c0 7e
0x00007ffcdeebc4da:   3c 44 0f b7 49 04 41 8d 40 ff 41 3b c1 44 0f 4c
0x00007ffcdeebc4ea:   c8 4d 63 c1 45 85 c9 7e 1f 48 8b c2 4c 2b da 49
0x00007ffcdeebc4fa:   8b d0 0f 1f 40 00 41 0f b6 4c 03 06 88 08 48 8d
0x00007ffcdeebc50a:   40 01 48 83 ea 01 75 ee 43 c6 04 10 00 49 8b c2
0x00007ffcdeebc51a:   c3 cc cc cc cc cc 48 89 5c 24 08 57 48 83 ec 20
0x00007ffcdeebc52a:   0f b7 59 04 48 8b f9 33 d2 48 8d 4b 01 e8 24 e8
0x00007ffcdeebc53a:   f2 ff 0f b7 57 04 4c 8b c0 3b da 0f 42 d3 44 8b
0x00007ffcdeebc54a:   ca 85 d2 74 39 48 2b f8 0f 1f 40 00 66 66 0f 1f
0x00007ffcdeebc55a:   84 00 00 00 00 00 0f b6 4c 07 06 88 08 48 ff c0
0x00007ffcdeebc56a:   48 8b c8 49 2b c8 49 3b c9 7c eb 42 c6 04 02 00
0x00007ffcdeebc57a:   49 8b c0 48 8b 5c 24 30 48 83 c4 20 5f c3 48 8b
0x00007ffcdeebc58a:   5c 24 30 c6 04 02 00 48 83 c4 20 5f c3 cc cc cc
0x00007ffcdeebc59a:   cc cc cc cc cc cc 4c 8b d1 45 85 c0 7e 6c 44 0f
0x00007ffcdeebc5aa:   b7 49 04 41 8d 40 ff 41 3b c1 44 0f 4c c8 4d 63
0x00007ffcdeebc5ba:   d9 45 85 c9 7e 22 48 8b ca 4c 2b d2 4d 8b c3 0f
0x00007ffcdeebc5ca:   1f 80 00 00 00 00 41 0f b6 44 0a 06 88 01 48 8d
0x00007ffcdeebc5da:   49 01 49 83 e8 01 75 ee 41 c6 04 13 00 48 c7 c0
0x00007ffcdeebc5ea:   ff ff ff ff 66 90 48 ff c0 80 3c 02 00 75 f7 48
0x00007ffcdeebc5fa:   63 c8 85 c0 48 8b c2 7e 14 80 38 2f 75 03 c6 00
0x00007ffcdeebc60a:   2e 48 ff c0 48 83 e9 01 75 ef 48 8b c2 c3 cc cc
0x00007ffcdeebc61a:   cc cc cc cc cc cc 48 83 ec 28 e8 f7 fe ff ff 4c 


Stack slot to memory mapping:
stack at sp + 0 slots: 0x0000000000000033 is an unknown value
stack at sp + 1 slots: 0x000000010035c800 is a pointer to class: 
com.asd.activos_fijos.service.impl.AreasServiceImpl {0x000000010035c808}
 - instance size:     3
 - klass size:        86
 - access:            public synchronized 
 - state:             fully_initialized
 - name:              'com/asd/activos_fijos/service/impl/AreasServiceImpl'
 - super:             'com/asd/activos_fijos/commons/impl/GenericServiceImpl'
 - sub:               
 - arrays:            NULL
 - methods:           Array<T>(0x00000271eb79a3a8)
 - method ordering:   Array<T>(0x00000271ea15a4d0)
 - default_methods:   Array<T>(0x0000000000000000)
 - local interfaces:  Array<T>(0x00000271ea15fc98)
 - trans. interfaces: Array<T>(0x00000271ea15a5f8)
 - constants:         constant pool [147] {0x00000271ed096150} for 'com/asd/activos_fijos/service/impl/AreasServiceImpl' cache=0x00000271ed096628
 - class loader data:  loader data: 0x00000271e6cf6470 for instance a 'jdk/internal/loader/ClassLoaders$AppClassLoader'{0x00000000d07cafc0}
 - source file:       'AreasServiceImpl.java'
 - source debug extension:       SMAP
AreasServiceImpl.java
Java
*S jdt
*F
1 AreasServiceImpl.java
2 file:/C:/Users/lramirez/repositorio/activos_fijos/target/classes/
*L
*E

 - class annotations:       Array<T>(0x00000271ed095910)
 - class type annotations:  Array<T>(0x0000000000000000)
 - field annotations:       Array<T>(0x00000271ea15ffb0)
 - field type annotations:  Array<T>(0x0000000000000000)
 - generic signature: '
[error occurred during error reporting (inspecting top of stack), id 0xc0000005, EXCEPTION_ACCESS_VIOLATION (0xc0000005) at pc=0x00007ffcdeebd136]


---------------  P R O C E S S  ---------------

Threads class SMR info:
_java_thread_list=0x00000271ebe98500, length=32, elements={
0x00000271e61b8ed0, 0x00000271e61bbef0, 0x00000271e61e2e90, 0x00000271e61e3750,
0x00000271e61e4010, 0x00000271e621b020, 0x00000271e621ede0, 0x00000271e6250270,
0x00000271e6cdd370, 0x00000271e6d54f00, 0x00000271e6d73720, 0x00000271e6d75c20,
0x00000271e760dd30, 0x00000271e787c6b0, 0x00000271e7871130, 0x00000271e7873b40,
0x00000271e8449ad0, 0x00000271e8448ba0, 0x00000271e846c310, 0x00000271e8632000,
0x00000271e8630cc0, 0x00000271e889b5a0, 0x00000271e889ac00, 0x00000271e8896d70,
0x00000271e8898a50, 0x00000271e8898f20, 0x00000271e88968a0, 0x00000271e8898580,
0x00000271e8899d90, 0x00000271e889ba70, 0x00000271e8895f00, 0x00000271e889a260
}

Java Threads: ( => current thread )
  0x00000271e61b8ed0 JavaThread "Reference Handler" daemon [_thread_blocked, id=8968, stack(0x000000ef5e500000,0x000000ef5e600000)]
  0x00000271e61bbef0 JavaThread "Finalizer" daemon [_thread_blocked, id=7128, stack(0x000000ef5e600000,0x000000ef5e700000)]
  0x00000271e61e2e90 JavaThread "Signal Dispatcher" daemon [_thread_blocked, id=4128, stack(0x000000ef5e700000,0x000000ef5e800000)]
  0x00000271e61e3750 JavaThread "Attach Listener" daemon [_thread_blocked, id=1568, stack(0x000000ef5e800000,0x000000ef5e900000)]
  0x00000271e61e4010 JavaThread "Service Thread" daemon [_thread_blocked, id=4884, stack(0x000000ef5e900000,0x000000ef5ea00000)]
  0x00000271e621b020 JavaThread "Monitor Deflation Thread" daemon [_thread_blocked, id=5092, stack(0x000000ef5ea00000,0x000000ef5eb00000)]
  0x00000271e621ede0 JavaThread "C1 CompilerThread0" daemon [_thread_blocked, id=8764, stack(0x000000ef5eb00000,0x000000ef5ec00000)]
  0x00000271e6250270 JavaThread "Sweeper thread" daemon [_thread_blocked, id=7524, stack(0x000000ef5ec00000,0x000000ef5ed00000)]
  0x00000271e6cdd370 JavaThread "Common-Cleaner" daemon [_thread_blocked, id=1760, stack(0x000000ef5ed00000,0x000000ef5ee00000)]
=>0x00000271e6d54f00 JavaThread "JDWP Transport Listener: dt_socket" daemon [_thread_in_vm, id=6556, stack(0x000000ef5ef00000,0x000000ef5f000000)]
  0x00000271e6d73720 JavaThread "JDWP Event Helper Thread" daemon [_thread_blocked, id=6412, stack(0x000000ef5f000000,0x000000ef5f100000)]
  0x00000271e6d75c20 JavaThread "JDWP Command Reader" daemon [_thread_in_native, id=7820, stack(0x000000ef5f100000,0x000000ef5f200000)]
  0x00000271e760dd30 JavaThread "Notification Thread" daemon [_thread_blocked, id=9048, stack(0x000000ef5f300000,0x000000ef5f400000)]
  0x00000271e787c6b0 JavaThread "RMI TCP Accept-0" daemon [_thread_in_native, id=3340, stack(0x000000ef5f400000,0x000000ef5f500000)]
  0x00000271e7871130 JavaThread "RMI TCP Accept-62530" daemon [_thread_in_native, id=7648, stack(0x000000ef5f500000,0x000000ef5f600000)]
  0x00000271e7873b40 JavaThread "RMI TCP Accept-0" daemon [_thread_in_native, id=3112, stack(0x000000ef5f600000,0x000000ef5f700000)]
  0x00000271e8449ad0 JavaThread "RMI TCP Connection(idle)" daemon [_thread_blocked, id=6580, stack(0x000000ef5f900000,0x000000ef5fa00000)]
  0x00000271e8448ba0 JavaThread "RMI Scheduler(0)" daemon [_thread_blocked, id=8036, stack(0x000000ef5fa00000,0x000000ef5fb00000)]
  0x00000271e846c310 JavaThread "JMX server connection timeout 23" daemon [_thread_blocked, id=428, stack(0x000000ef5fb00000,0x000000ef5fc00000)]
  0x00000271e8632000 JavaThread "Catalina-utility-1" [_thread_blocked, id=6040, stack(0x000000ef5fc00000,0x000000ef5fd00000)]
  0x00000271e8630cc0 JavaThread "Catalina-utility-2" [_thread_blocked, id=8096, stack(0x000000ef5fd00000,0x000000ef5fe00000)]
  0x00000271e889b5a0 JavaThread "container-0" [_thread_blocked, id=5060, stack(0x000000ef5fe00000,0x000000ef5ff00000)]
  0x00000271e889ac00 JavaThread "HikariPool-1 housekeeper" daemon [_thread_blocked, id=2068, stack(0x000000ef60000000,0x000000ef60100000)]
  0x00000271e8896d70 JavaThread "http-nio-8080-Poller" daemon [_thread_in_native, id=8936, stack(0x000000ef60100000,0x000000ef60200000)]
  0x00000271e8898a50 JavaThread "http-nio-8080-Acceptor" daemon [_thread_in_native, id=3860, stack(0x000000ef60200000,0x000000ef60300000)]
  0x00000271e8898f20 JavaThread "DestroyJavaVM" [_thread_blocked, id=4956, stack(0x000000ef5de00000,0x000000ef5df00000)]
  0x00000271e88968a0 JavaThread "http-nio-8080-exec-1" daemon [_thread_blocked, id=7476, stack(0x000000ef5ee00000,0x000000ef5ef00000)]
  0x00000271e8898580 JavaThread "http-nio-8080-exec-2" daemon [_thread_blocked, id=4232, stack(0x000000ef60300000,0x000000ef60400000)]
  0x00000271e8899d90 JavaThread "http-nio-8080-exec-3" daemon [_thread_blocked, id=2412, stack(0x000000ef5db00000,0x000000ef5dc00000)]
  0x00000271e889ba70 JavaThread "http-nio-8080-exec-4" daemon [_thread_blocked, id=3184, stack(0x000000ef5dd00000,0x000000ef5de00000)]
  0x00000271e8895f00 JavaThread "http-nio-8080-exec-5" daemon [_thread_blocked, id=2952, stack(0x000000ef5f800000,0x000000ef5f900000)]
  0x00000271e889a260 JavaThread "http-nio-8080-exec-6" daemon [_thread_blocked, id=7020, stack(0x000000ef5ff00000,0x000000ef60000000)]

Other Threads:
  0x00000271e6178480 VMThread "VM Thread" [stack: 0x000000ef5e400000,0x000000ef5e500000] [id=3096]
  0x00000271dbff1250 WatcherThread [stack: 0x000000ef5f700000,0x000000ef5f800000] [id=4952]
  0x00000271dc019d60 GCTaskThread "GC Thread#0" [stack: 0x000000ef5df00000,0x000000ef5e000000] [id=1992]
  0x00000271e7424200 GCTaskThread "GC Thread#1" [stack: 0x000000ef5f200000,0x000000ef5f300000] [id=2728]
  0x00000271dc020b30 ConcurrentGCThread "G1 Main Marker" [stack: 0x000000ef5e000000,0x000000ef5e100000] [id=1248]
  0x00000271dc021d30 ConcurrentGCThread "G1 Conc#0" [stack: 0x000000ef5e100000,0x000000ef5e200000] [id=4720]
  0x00000271dc0538c0 ConcurrentGCThread "G1 Refine#0" [stack: 0x000000ef5e200000,0x000000ef5e300000] [id=6028]
  0x00000271dc054ad0 ConcurrentGCThread "G1 Service" [stack: 0x000000ef5e300000,0x000000ef5e400000] [id=1664]

Threads with active compile tasks:

VM state: not at safepoint (normal execution)

VM Mutex/Monitor currently owned by a thread: None

Heap address: 0x00000000d0400000, size: 764 MB, Compressed Oops mode: 32-bit

CDS archive(s) not mapped
Compressed class space mapped at: 0x0000000100000000-0x0000000140000000, reserved size: 1073741824
Narrow klass base: 0x0000000000000000, Narrow klass shift: 3, Narrow klass range: 0x140000000

GC Precious Log:
 CPUs: 2 total, 2 available
 Memory: 3049M
 Large Page Support: Disabled
 NUMA Support: Disabled
 Compressed Oops: Enabled (32-bit)
 Heap Region Size: 1M
 Heap Min Capacity: 8M
 Heap Initial Capacity: 48M
 Heap Max Capacity: 764M
 Pre-touch: Disabled
 Parallel Workers: 2
 Concurrent Workers: 1
 Concurrent Refinement Workers: 2
 Periodic GC: Disabled

Heap:
 garbage-first heap   total 106496K, used 36941K [0x00000000d0400000, 0x0000000100000000)
  region size 1024K, 6 young (6144K), 3 survivors (3072K)
 Metaspace       used 66758K, committed 67200K, reserved 1114112K
  class space    used 8950K, committed 9152K, reserved 1048576K

Heap Regions: E=young(eden), S=young(survivor), O=old, HS=humongous(starts), HC=humongous(continues), CS=collection set, F=free, OA=open archive, CA=closed archive, TAMS=top-at-mark-start (previous, next)
|   0|0x00000000d0400000, 0x00000000d0500000, 0x00000000d0500000|100%|HS|  |TAMS 0x00000000d0500000, 0x00000000d0400000| Complete 
|   1|0x00000000d0500000, 0x00000000d0600000, 0x00000000d0600000|100%| O|  |TAMS 0x00000000d0600000, 0x00000000d0500000| Untracked 
|   2|0x00000000d0600000, 0x00000000d0700000, 0x00000000d0700000|100%| O|  |TAMS 0x00000000d0700000, 0x00000000d0600000| Untracked 
|   3|0x00000000d0700000, 0x00000000d0800000, 0x00000000d0800000|100%| O|  |TAMS 0x00000000d0800000, 0x00000000d0700000| Untracked 
|   4|0x00000000d0800000, 0x00000000d0900000, 0x00000000d0900000|100%| O|  |TAMS 0x00000000d0900000, 0x00000000d0800000| Untracked 
|   5|0x00000000d0900000, 0x00000000d0a00000, 0x00000000d0a00000|100%| O|  |TAMS 0x00000000d0a00000, 0x00000000d0900000| Untracked 
|   6|0x00000000d0a00000, 0x00000000d0b00000, 0x00000000d0b00000|100%| O|  |TAMS 0x00000000d0b00000, 0x00000000d0a00000| Untracked 
|   7|0x00000000d0b00000, 0x00000000d0c00000, 0x00000000d0c00000|100%| O|  |TAMS 0x00000000d0c00000, 0x00000000d0b00000| Untracked 
|   8|0x00000000d0c00000, 0x00000000d0d00000, 0x00000000d0d00000|100%| O|  |TAMS 0x00000000d0c00000, 0x00000000d0c00000| Untracked 
|   9|0x00000000d0d00000, 0x00000000d0e00000, 0x00000000d0e00000|100%| O|  |TAMS 0x00000000d0e00000, 0x00000000d0d00000| Untracked 
|  10|0x00000000d0e00000, 0x00000000d0f00000, 0x00000000d0f00000|100%| O|  |TAMS 0x00000000d0f00000, 0x00000000d0e00000| Untracked 
|  11|0x00000000d0f00000, 0x00000000d1000000, 0x00000000d1000000|100%| O|  |TAMS 0x00000000d1000000, 0x00000000d0f00000| Untracked 
|  12|0x00000000d1000000, 0x00000000d1100000, 0x00000000d1100000|100%| O|  |TAMS 0x00000000d1100000, 0x00000000d1000000| Untracked 
|  13|0x00000000d1100000, 0x00000000d1200000, 0x00000000d1200000|100%| O|  |TAMS 0x00000000d1200000, 0x00000000d1100000| Untracked 
|  14|0x00000000d1200000, 0x00000000d1300000, 0x00000000d1300000|100%| O|  |TAMS 0x00000000d1300000, 0x00000000d1200000| Untracked 
|  15|0x00000000d1300000, 0x00000000d1400000, 0x00000000d1400000|100%| O|  |TAMS 0x00000000d1400000, 0x00000000d1300000| Untracked 
|  16|0x00000000d1400000, 0x00000000d1500000, 0x00000000d1500000|100%| O|  |TAMS 0x00000000d1500000, 0x00000000d1400000| Untracked 
|  17|0x00000000d1500000, 0x00000000d1600000, 0x00000000d1600000|100%| O|  |TAMS 0x00000000d1600000, 0x00000000d1500000| Untracked 
|  18|0x00000000d1600000, 0x00000000d1700000, 0x00000000d1700000|100%| O|  |TAMS 0x00000000d16bd600, 0x00000000d1600000| Untracked 
|  19|0x00000000d1700000, 0x00000000d1800000, 0x00000000d1800000|100%| O|  |TAMS 0x00000000d1700000, 0x00000000d1700000| Untracked 
|  20|0x00000000d1800000, 0x00000000d1813600, 0x00000000d1900000|  7%| O|  |TAMS 0x00000000d1800000, 0x00000000d1800000| Untracked 
|  21|0x00000000d1900000, 0x00000000d1a00000, 0x00000000d1a00000|100%| O|  |TAMS 0x00000000d1900000, 0x00000000d1900000| Untracked 
|  22|0x00000000d1a00000, 0x00000000d1b00000, 0x00000000d1b00000|100%| O|  |TAMS 0x00000000d1a00000, 0x00000000d1a00000| Untracked 
|  23|0x00000000d1b00000, 0x00000000d1c00000, 0x00000000d1c00000|100%| O|  |TAMS 0x00000000d1b00000, 0x00000000d1b00000| Untracked 
|  24|0x00000000d1c00000, 0x00000000d1d00000, 0x00000000d1d00000|100%| O|  |TAMS 0x00000000d1c00000, 0x00000000d1c00000| Untracked 
|  25|0x00000000d1d00000, 0x00000000d1e00000, 0x00000000d1e00000|100%| O|  |TAMS 0x00000000d1d00000, 0x00000000d1d00000| Untracked 
|  26|0x00000000d1e00000, 0x00000000d1f00000, 0x00000000d1f00000|100%| O|  |TAMS 0x00000000d1e00000, 0x00000000d1e00000| Untracked 
|  27|0x00000000d1f00000, 0x00000000d2000000, 0x00000000d2000000|100%| O|  |TAMS 0x00000000d1f00000, 0x00000000d1f00000| Untracked 
|  28|0x00000000d2000000, 0x00000000d2100000, 0x00000000d2100000|100%| O|  |TAMS 0x00000000d2000000, 0x00000000d2000000| Untracked 
|  29|0x00000000d2100000, 0x00000000d2200000, 0x00000000d2200000|100%| O|  |TAMS 0x00000000d2100000, 0x00000000d2100000| Untracked 
|  30|0x00000000d2200000, 0x00000000d2300000, 0x00000000d2300000|100%| O|  |TAMS 0x00000000d2200000, 0x00000000d2200000| Untracked 
|  31|0x00000000d2300000, 0x00000000d2400000, 0x00000000d2400000|100%| O|  |TAMS 0x00000000d2300000, 0x00000000d2300000| Untracked 
|  32|0x00000000d2400000, 0x00000000d2480000, 0x00000000d2500000| 50%| O|  |TAMS 0x00000000d2400000, 0x00000000d2400000| Untracked 
|  33|0x00000000d2500000, 0x00000000d2500000, 0x00000000d2600000|  0%| F|  |TAMS 0x00000000d2500000, 0x00000000d2500000| Untracked 
|  34|0x00000000d2600000, 0x00000000d2600000, 0x00000000d2700000|  0%| F|  |TAMS 0x00000000d2600000, 0x00000000d2600000| Untracked 
|  35|0x00000000d2700000, 0x00000000d2700000, 0x00000000d2800000|  0%| F|  |TAMS 0x00000000d2700000, 0x00000000d2700000| Untracked 
|  36|0x00000000d2800000, 0x00000000d2800000, 0x00000000d2900000|  0%| F|  |TAMS 0x00000000d2800000, 0x00000000d2800000| Untracked 
|  37|0x00000000d2900000, 0x00000000d2900000, 0x00000000d2a00000|  0%| F|  |TAMS 0x00000000d2900000, 0x00000000d2900000| Untracked 
|  38|0x00000000d2a00000, 0x00000000d2a00000, 0x00000000d2b00000|  0%| F|  |TAMS 0x00000000d2a00000, 0x00000000d2a00000| Untracked 
|  39|0x00000000d2b00000, 0x00000000d2b00000, 0x00000000d2c00000|  0%| F|  |TAMS 0x00000000d2b00000, 0x00000000d2b00000| Untracked 
|  40|0x00000000d2c00000, 0x00000000d2c00000, 0x00000000d2d00000|  0%| F|  |TAMS 0x00000000d2c00000, 0x00000000d2c00000| Untracked 
|  41|0x00000000d2d00000, 0x00000000d2d00000, 0x00000000d2e00000|  0%| F|  |TAMS 0x00000000d2d00000, 0x00000000d2d00000| Untracked 
|  42|0x00000000d2e00000, 0x00000000d2e00000, 0x00000000d2f00000|  0%| F|  |TAMS 0x00000000d2e00000, 0x00000000d2e00000| Untracked 
|  43|0x00000000d2f00000, 0x00000000d2f00000, 0x00000000d3000000|  0%| F|  |TAMS 0x00000000d2f00000, 0x00000000d2f00000| Untracked 
|  44|0x00000000d3000000, 0x00000000d3000000, 0x00000000d3100000|  0%| F|  |TAMS 0x00000000d3000000, 0x00000000d3000000| Untracked 
|  45|0x00000000d3100000, 0x00000000d3100000, 0x00000000d3200000|  0%| F|  |TAMS 0x00000000d3100000, 0x00000000d3100000| Untracked 
|  46|0x00000000d3200000, 0x00000000d3200000, 0x00000000d3300000|  0%| F|  |TAMS 0x00000000d3200000, 0x00000000d3200000| Untracked 
|  47|0x00000000d3300000, 0x00000000d3300000, 0x00000000d3400000|  0%| F|  |TAMS 0x00000000d3300000, 0x00000000d3300000| Untracked 
|  48|0x00000000d3400000, 0x00000000d3400000, 0x00000000d3500000|  0%| F|  |TAMS 0x00000000d3400000, 0x00000000d3400000| Untracked 
|  49|0x00000000d3500000, 0x00000000d3500000, 0x00000000d3600000|  0%| F|  |TAMS 0x00000000d3500000, 0x00000000d3500000| Untracked 
|  50|0x00000000d3600000, 0x00000000d3600000, 0x00000000d3700000|  0%| F|  |TAMS 0x00000000d3600000, 0x00000000d3600000| Untracked 
|  51|0x00000000d3700000, 0x00000000d3700000, 0x00000000d3800000|  0%| F|  |TAMS 0x00000000d3700000, 0x00000000d3700000| Untracked 
|  52|0x00000000d3800000, 0x00000000d3880000, 0x00000000d3900000| 50%| S|CS|TAMS 0x00000000d3800000, 0x00000000d3800000| Complete 
|  53|0x00000000d3900000, 0x00000000d3a00000, 0x00000000d3a00000|100%| S|CS|TAMS 0x00000000d3900000, 0x00000000d3900000| Complete 
|  54|0x00000000d3a00000, 0x00000000d3b00000, 0x00000000d3b00000|100%| S|CS|TAMS 0x00000000d3a00000, 0x00000000d3a00000| Complete 
|  55|0x00000000d3b00000, 0x00000000d3b00000, 0x00000000d3c00000|  0%| F|  |TAMS 0x00000000d3b00000, 0x00000000d3b00000| Untracked 
|  56|0x00000000d3c00000, 0x00000000d3c00000, 0x00000000d3d00000|  0%| F|  |TAMS 0x00000000d3c00000, 0x00000000d3c00000| Untracked 
|  57|0x00000000d3d00000, 0x00000000d3d00000, 0x00000000d3e00000|  0%| F|  |TAMS 0x00000000d3d00000, 0x00000000d3d00000| Untracked 
|  58|0x00000000d3e00000, 0x00000000d3e00000, 0x00000000d3f00000|  0%| F|  |TAMS 0x00000000d3e00000, 0x00000000d3e00000| Untracked 
|  59|0x00000000d3f00000, 0x00000000d3f00000, 0x00000000d4000000|  0%| F|  |TAMS 0x00000000d3f00000, 0x00000000d3f00000| Untracked 
|  60|0x00000000d4000000, 0x00000000d4000000, 0x00000000d4100000|  0%| F|  |TAMS 0x00000000d4000000, 0x00000000d4000000| Untracked 
|  61|0x00000000d4100000, 0x00000000d4100000, 0x00000000d4200000|  0%| F|  |TAMS 0x00000000d4100000, 0x00000000d4100000| Untracked 
|  62|0x00000000d4200000, 0x00000000d4200000, 0x00000000d4300000|  0%| F|  |TAMS 0x00000000d4200000, 0x00000000d4200000| Untracked 
|  63|0x00000000d4300000, 0x00000000d4300000, 0x00000000d4400000|  0%| F|  |TAMS 0x00000000d4300000, 0x00000000d4300000| Untracked 
|  64|0x00000000d4400000, 0x00000000d4400000, 0x00000000d4500000|  0%| F|  |TAMS 0x00000000d4400000, 0x00000000d4400000| Untracked 
|  65|0x00000000d4500000, 0x00000000d4500000, 0x00000000d4600000|  0%| F|  |TAMS 0x00000000d4500000, 0x00000000d4500000| Untracked 
|  66|0x00000000d4600000, 0x00000000d4600000, 0x00000000d4700000|  0%| F|  |TAMS 0x00000000d4600000, 0x00000000d4600000| Untracked 
|  67|0x00000000d4700000, 0x00000000d4700000, 0x00000000d4800000|  0%| F|  |TAMS 0x00000000d4700000, 0x00000000d4700000| Untracked 
|  68|0x00000000d4800000, 0x00000000d4800000, 0x00000000d4900000|  0%| F|  |TAMS 0x00000000d4800000, 0x00000000d4800000| Untracked 
|  69|0x00000000d4900000, 0x00000000d4900000, 0x00000000d4a00000|  0%| F|  |TAMS 0x00000000d4900000, 0x00000000d4900000| Untracked 
|  70|0x00000000d4a00000, 0x00000000d4a00000, 0x00000000d4b00000|  0%| F|  |TAMS 0x00000000d4a00000, 0x00000000d4a00000| Untracked 
|  71|0x00000000d4b00000, 0x00000000d4b00000, 0x00000000d4c00000|  0%| F|  |TAMS 0x00000000d4b00000, 0x00000000d4b00000| Untracked 
|  72|0x00000000d4c00000, 0x00000000d4c00000, 0x00000000d4d00000|  0%| F|  |TAMS 0x00000000d4c00000, 0x00000000d4c00000| Untracked 
|  73|0x00000000d4d00000, 0x00000000d4d00000, 0x00000000d4e00000|  0%| F|  |TAMS 0x00000000d4d00000, 0x00000000d4d00000| Untracked 
|  74|0x00000000d4e00000, 0x00000000d4e00000, 0x00000000d4f00000|  0%| F|  |TAMS 0x00000000d4e00000, 0x00000000d4e00000| Untracked 
|  75|0x00000000d4f00000, 0x00000000d4f00000, 0x00000000d5000000|  0%| F|  |TAMS 0x00000000d4f00000, 0x00000000d4f00000| Untracked 
|  76|0x00000000d5000000, 0x00000000d5000000, 0x00000000d5100000|  0%| F|  |TAMS 0x00000000d5000000, 0x00000000d5000000| Untracked 
|  77|0x00000000d5100000, 0x00000000d5100000, 0x00000000d5200000|  0%| F|  |TAMS 0x00000000d5100000, 0x00000000d5100000| Untracked 
|  78|0x00000000d5200000, 0x00000000d5200000, 0x00000000d5300000|  0%| F|  |TAMS 0x00000000d5200000, 0x00000000d5200000| Untracked 
|  79|0x00000000d5300000, 0x00000000d5300000, 0x00000000d5400000|  0%| F|  |TAMS 0x00000000d5300000, 0x00000000d5300000| Untracked 
|  80|0x00000000d5400000, 0x00000000d5400000, 0x00000000d5500000|  0%| F|  |TAMS 0x00000000d5400000, 0x00000000d5400000| Untracked 
|  81|0x00000000d5500000, 0x00000000d5500000, 0x00000000d5600000|  0%| F|  |TAMS 0x00000000d5500000, 0x00000000d5500000| Untracked 
|  82|0x00000000d5600000, 0x00000000d5600000, 0x00000000d5700000|  0%| F|  |TAMS 0x00000000d5600000, 0x00000000d5600000| Untracked 
|  83|0x00000000d5700000, 0x00000000d5700000, 0x00000000d5800000|  0%| F|  |TAMS 0x00000000d5700000, 0x00000000d5700000| Untracked 
|  84|0x00000000d5800000, 0x00000000d5800000, 0x00000000d5900000|  0%| F|  |TAMS 0x00000000d5800000, 0x00000000d5800000| Untracked 
|  85|0x00000000d5900000, 0x00000000d5900000, 0x00000000d5a00000|  0%| F|  |TAMS 0x00000000d5900000, 0x00000000d5900000| Untracked 
|  86|0x00000000d5a00000, 0x00000000d5a00000, 0x00000000d5b00000|  0%| F|  |TAMS 0x00000000d5a00000, 0x00000000d5a00000| Untracked 
|  87|0x00000000d5b00000, 0x00000000d5b00000, 0x00000000d5c00000|  0%| F|  |TAMS 0x00000000d5b00000, 0x00000000d5b00000| Untracked 
|  88|0x00000000d5c00000, 0x00000000d5c00000, 0x00000000d5d00000|  0%| F|  |TAMS 0x00000000d5c00000, 0x00000000d5c00000| Untracked 
|  89|0x00000000d5d00000, 0x00000000d5d00000, 0x00000000d5e00000|  0%| F|  |TAMS 0x00000000d5d00000, 0x00000000d5d00000| Untracked 
|  90|0x00000000d5e00000, 0x00000000d5e00000, 0x00000000d5f00000|  0%| F|  |TAMS 0x00000000d5e00000, 0x00000000d5e00000| Untracked 
|  91|0x00000000d5f00000, 0x00000000d5f00000, 0x00000000d6000000|  0%| F|  |TAMS 0x00000000d5f00000, 0x00000000d5f00000| Untracked 
|  92|0x00000000d6000000, 0x00000000d6000000, 0x00000000d6100000|  0%| F|  |TAMS 0x00000000d6000000, 0x00000000d6000000| Untracked 
|  93|0x00000000d6100000, 0x00000000d6100000, 0x00000000d6200000|  0%| F|  |TAMS 0x00000000d6100000, 0x00000000d6100000| Untracked 
|  94|0x00000000d6200000, 0x00000000d6200000, 0x00000000d6300000|  0%| F|  |TAMS 0x00000000d6200000, 0x00000000d6200000| Untracked 
|  95|0x00000000d6300000, 0x00000000d6300000, 0x00000000d6400000|  0%| F|  |TAMS 0x00000000d6300000, 0x00000000d6300000| Untracked 
|  96|0x00000000d6400000, 0x00000000d6400000, 0x00000000d6500000|  0%| F|  |TAMS 0x00000000d6400000, 0x00000000d6400000| Untracked 
|  97|0x00000000d6500000, 0x00000000d6500000, 0x00000000d6600000|  0%| F|  |TAMS 0x00000000d6500000, 0x00000000d6500000| Untracked 
|  98|0x00000000d6600000, 0x00000000d6600000, 0x00000000d6700000|  0%| F|  |TAMS 0x00000000d6600000, 0x00000000d6600000| Untracked 
|  99|0x00000000d6700000, 0x00000000d6700000, 0x00000000d6800000|  0%| F|  |TAMS 0x00000000d6700000, 0x00000000d6700000| Untracked 
| 100|0x00000000d6800000, 0x00000000d6800000, 0x00000000d6900000|  0%| F|  |TAMS 0x00000000d6800000, 0x00000000d6800000| Untracked 
| 101|0x00000000d6900000, 0x00000000d69fae68, 0x00000000d6a00000| 98%| E|  |TAMS 0x00000000d6900000, 0x00000000d6900000| Complete 
| 102|0x00000000d6a00000, 0x00000000d6b00000, 0x00000000d6b00000|100%| E|CS|TAMS 0x00000000d6a00000, 0x00000000d6a00000| Complete 
| 109|0x00000000d7100000, 0x00000000d7200000, 0x00000000d7200000|100%| E|CS|TAMS 0x00000000d7100000, 0x00000000d7100000| Complete 

Card table byte_map: [0x00000271dbbc0000,0x00000271dbd40000] _byte_map_base: 0x00000271db53e000

Marking Bits (Prev, Next): (CMBitMap*) 0x00000271dc01a2c0, (CMBitMap*) 0x00000271dc01a280
 Prev Bits: [0x00000271e3280000, 0x00000271e3e70000)
 Next Bits: [0x00000271e2690000, 0x00000271e3280000)

Polling page: 0x00000271d9fd0000

Metaspace:

Usage:
  Non-class:     56.45 MB used.
      Class:      8.74 MB used.
       Both:     65.19 MB used.

Virtual space:
  Non-class space:       64.00 MB reserved,      56.69 MB ( 89%) committed,  8 nodes.
      Class space:        1.00 GB reserved,       8.94 MB ( <1%) committed,  1 nodes.
             Both:        1.06 GB reserved,      65.62 MB (  6%) committed. 

Chunk freelists:
   Non-Class:  2.40 MB
       Class:  3.08 MB
        Both:  5.48 MB

MaxMetaspaceSize: unlimited
CompressedClassSpaceSize: 1.00 GB
Initial GC threshold: 21.00 MB
Current GC threshold: 98.25 MB
CDS: off
MetaspaceReclaimPolicy: balanced
 - commit_granule_bytes: 65536.
 - commit_granule_words: 8192.
 - virtual_space_node_default_size: 1048576.
 - enlarge_chunks_in_place: 1.
 - new_chunks_are_fully_committed: 0.
 - uncommit_free_chunks: 1.
 - use_allocation_guard: 0.
 - handle_deallocations: 1.


Internal statistics:

num_allocs_failed_limit: 11.
num_arena_births: 588.
num_arena_deaths: 0.
num_vsnodes_births: 9.
num_vsnodes_deaths: 0.
num_space_committed: 1050.
num_space_uncommitted: 0.
num_chunks_returned_to_freelist: 11.
num_chunks_taken_from_freelist: 2659.
num_chunk_merges: 11.
num_chunk_splits: 1858.
num_chunks_enlarged: 1425.
num_purges: 0.
num_inconsistent_stats: 0.

CodeCache: size=49152Kb used=11604Kb max_used=11781Kb free=37547Kb
 bounds [0x00000271df690000, 0x00000271e0220000, 0x00000271e2690000]
 total_blobs=6593 nmethods=5990 adapters=530
 compilation: enabled
              stopped_count=0, restarted_count=0
 full_count=0

Compilation events (20 events):
Event: 353.105 Thread 0x00000271e621ede0 5981       1       jdk.internal.reflect.ClassFileAssembler::getMaxStack (6 bytes)
Event: 353.105 Thread 0x00000271e621ede0 nmethod 5981 0x00000271df7fbf10 code [0x00000271df7fc0a0, 0x00000271df7fc178]
Event: 353.105 Thread 0x00000271e621ede0 5982       1       jdk.internal.reflect.ByteVectorImpl::getData (5 bytes)
Event: 353.105 Thread 0x00000271e621ede0 nmethod 5982 0x00000271df7fbc10 code [0x00000271df7fbda0, 0x00000271df7fbe78]
Event: 383.230 Thread 0x00000271e621ede0 5983       1       org.apache.catalina.valves.ValveBase::backgroundProcess (1 bytes)
Event: 383.231 Thread 0x00000271e621ede0 nmethod 5983 0x00000271df7fb910 code [0x00000271df7fbaa0, 0x00000271df7fbb58]
Event: 402.338 Thread 0x00000271e621ede0 5984   !   1       sun.nio.ch.WEPollSelectorImpl::processUpdateQueue (203 bytes)
Event: 402.340 Thread 0x00000271e621ede0 nmethod 5984 0x00000271df7fac90 code [0x00000271df7faea0, 0x00000271df7fb428]
Event: 403.239 Thread 0x00000271e621ede0 5986       1       java.util.EventObject::getSource (5 bytes)
Event: 403.239 Thread 0x00000271e621ede0 nmethod 5986 0x00000271df7fa590 code [0x00000271df7fa720, 0x00000271df7fa7f8]
Event: 423.534 Thread 0x00000271e621ede0 5989   !   1       sun.nio.ch.NioSocketImpl::write (90 bytes)
Event: 423.538 Thread 0x00000271e621ede0 nmethod 5989 0x00000271df7f9a10 code [0x00000271df7f9c40, 0x00000271df7fa0e8]
Event: 423.539 Thread 0x00000271e621ede0 5987       1       java.net.Socket$SocketOutputStream::write (11 bytes)
Event: 423.539 Thread 0x00000271e621ede0 nmethod 5987 0x00000271df7f9710 code [0x00000271df7f98a0, 0x00000271df7f99a8]
Event: 423.539 Thread 0x00000271e621ede0 5988       1       sun.nio.ch.NioSocketImpl$2::write (11 bytes)
Event: 423.539 Thread 0x00000271e621ede0 nmethod 5988 0x00000271df7f9390 code [0x00000271df7f9520, 0x00000271df7f9628]
Event: 423.539 Thread 0x00000271e621ede0 5990   !   1       sun.nio.ch.NioSocketImpl::tryWrite (78 bytes)
Event: 423.539 Thread 0x00000271e621ede0 nmethod 5990 0x00000271df7f8d10 code [0x00000271df7f8f00, 0x00000271df7f9178]
Event: 453.261 Thread 0x00000271e621ede0 5991   !   1       org.apache.catalina.core.ContainerBase::findChildren (42 bytes)
Event: 453.263 Thread 0x00000271e621ede0 nmethod 5991 0x00000271df7f8610 code [0x00000271df7f87e0, 0x00000271df7f8b18]

GC Heap History (20 events):
Event: 10.202 GC heap before
{Heap before GC invocations=17 (full 0):
 garbage-first heap   total 58368K, used 45507K [0x00000000d0400000, 0x0000000100000000)
  region size 1024K, 34 young (34816K), 5 survivors (5120K)
 Metaspace       used 38244K, committed 38592K, reserved 1089536K
  class space    used 4703K, committed 4864K, reserved 1048576K
}
Event: 10.216 GC heap after
{Heap after GC invocations=18 (full 0):
 garbage-first heap   total 58368K, used 17512K [0x00000000d0400000, 0x0000000100000000)
  region size 1024K, 4 young (4096K), 4 survivors (4096K)
 Metaspace       used 38244K, committed 38592K, reserved 1089536K
  class space    used 4703K, committed 4864K, reserved 1048576K
}
Event: 10.243 GC heap before
{Heap before GC invocations=18 (full 0):
 garbage-first heap   total 58368K, used 18536K [0x00000000d0400000, 0x0000000100000000)
  region size 1024K, 5 young (5120K), 4 survivors (4096K)
 Metaspace       used 38333K, committed 38656K, reserved 1089536K
  class space    used 4712K, committed 4864K, reserved 1048576K
}
Event: 10.253 GC heap after
{Heap after GC invocations=19 (full 0):
 garbage-first heap   total 58368K, used 18421K [0x00000000d0400000, 0x0000000100000000)
  region size 1024K, 1 young (1024K), 1 survivors (1024K)
 Metaspace       used 38333K, committed 38656K, reserved 1089536K
  class space    used 4712K, committed 4864K, reserved 1048576K
}
Event: 10.333 GC heap before
{Heap before GC invocations=19 (full 0):
 garbage-first heap   total 58368K, used 45045K [0x00000000d0400000, 0x0000000100000000)
  region size 1024K, 28 young (28672K), 1 survivors (1024K)
 Metaspace       used 38577K, committed 38848K, reserved 1089536K
  class space    used 4734K, committed 4864K, reserved 1048576K
}
Event: 10.336 GC heap after
{Heap after GC invocations=20 (full 0):
 garbage-first heap   total 58368K, used 17954K [0x00000000d0400000, 0x0000000100000000)
  region size 1024K, 1 young (1024K), 1 survivors (1024K)
 Metaspace       used 38577K, committed 38848K, reserved 1089536K
  class space    used 4734K, committed 4864K, reserved 1048576K
}
Event: 10.892 GC heap before
{Heap before GC invocations=20 (full 0):
 garbage-first heap   total 58368K, used 45602K [0x00000000d0400000, 0x0000000100000000)
  region size 1024K, 29 young (29696K), 1 survivors (1024K)
 Metaspace       used 39306K, committed 39680K, reserved 1089536K
  class space    used 4831K, committed 4992K, reserved 1048576K
}
Event: 10.897 GC heap after
{Heap after GC invocations=21 (full 0):
 garbage-first heap   total 112640K, used 18235K [0x00000000d0400000, 0x0000000100000000)
  region size 1024K, 1 young (1024K), 1 survivors (1024K)
 Metaspace       used 39306K, committed 39680K, reserved 1089536K
  class space    used 4831K, committed 4992K, reserved 1048576K
}
Event: 13.297 GC heap before
{Heap before GC invocations=21 (full 0):
 garbage-first heap   total 112640K, used 84795K [0x00000000d0400000, 0x0000000100000000)
  region size 1024K, 66 young (67584K), 1 survivors (1024K)
 Metaspace       used 45510K, committed 45888K, reserved 1089536K
  class space    used 5653K, committed 5824K, reserved 1048576K
}
Event: 13.306 GC heap after
{Heap after GC invocations=22 (full 0):
 garbage-first heap   total 112640K, used 20657K [0x00000000d0400000, 0x0000000100000000)
  region size 1024K, 3 young (3072K), 3 survivors (3072K)
 Metaspace       used 45510K, committed 45888K, reserved 1089536K
  class space    used 5653K, committed 5824K, reserved 1048576K
}
Event: 14.833 GC heap before
{Heap before GC invocations=22 (full 0):
 garbage-first heap   total 112640K, used 85169K [0x00000000d0400000, 0x0000000100000000)
  region size 1024K, 66 young (67584K), 3 survivors (3072K)
 Metaspace       used 51835K, committed 52160K, reserved 1097728K
  class space    used 6662K, committed 6784K, reserved 1048576K
}
Event: 14.845 GC heap after
{Heap after GC invocations=23 (full 0):
 garbage-first heap   total 112640K, used 22741K [0x00000000d0400000, 0x0000000100000000)
  region size 1024K, 5 young (5120K), 5 survivors (5120K)
 Metaspace       used 51835K, committed 52160K, reserved 1097728K
  class space    used 6662K, committed 6784K, reserved 1048576K
}
Event: 16.302 GC heap before
{Heap before GC invocations=23 (full 0):
 garbage-first heap   total 112640K, used 85205K [0x00000000d0400000, 0x0000000100000000)
  region size 1024K, 66 young (67584K), 5 survivors (5120K)
 Metaspace       used 57154K, committed 57536K, reserved 1105920K
  class space    used 7488K, committed 7680K, reserved 1048576K
}
Event: 16.317 GC heap after
{Heap after GC invocations=24 (full 0):
 garbage-first heap   total 112640K, used 24092K [0x00000000d0400000, 0x0000000100000000)
  region size 1024K, 6 young (6144K), 6 survivors (6144K)
 Metaspace       used 57154K, committed 57536K, reserved 1105920K
  class space    used 7488K, committed 7680K, reserved 1048576K
}
Event: 17.940 GC heap before
{Heap before GC invocations=24 (full 0):
 garbage-first heap   total 112640K, used 81436K [0x00000000d0400000, 0x0000000100000000)
  region size 1024K, 63 young (64512K), 6 survivors (6144K)
 Metaspace       used 59882K, committed 60288K, reserved 1105920K
  class space    used 7960K, committed 8192K, reserved 1048576K
}
Event: 17.966 GC heap after
{Heap after GC invocations=25 (full 0):
 garbage-first heap   total 112640K, used 29261K [0x00000000d0400000, 0x0000000100000000)
  region size 1024K, 9 young (9216K), 9 survivors (9216K)
 Metaspace       used 59882K, committed 60288K, reserved 1105920K
  class space    used 7960K, committed 8192K, reserved 1048576K
}
Event: 19.905 GC heap before
{Heap before GC invocations=26 (full 0):
 garbage-first heap   total 106496K, used 83533K [0x00000000d0400000, 0x0000000100000000)
  region size 1024K, 62 young (63488K), 9 survivors (9216K)
 Metaspace       used 62095K, committed 62528K, reserved 1105920K
  class space    used 8323K, committed 8512K, reserved 1048576K
}
Event: 19.935 GC heap after
{Heap after GC invocations=27 (full 0):
 garbage-first heap   total 106496K, used 33714K [0x00000000d0400000, 0x0000000100000000)
  region size 1024K, 5 young (5120K), 5 survivors (5120K)
 Metaspace       used 62095K, committed 62528K, reserved 1105920K
  class space    used 8323K, committed 8512K, reserved 1048576K
}
Event: 56.842 GC heap before
{Heap before GC invocations=27 (full 0):
 garbage-first heap   total 106496K, used 82866K [0x00000000d0400000, 0x0000000100000000)
  region size 1024K, 54 young (55296K), 5 survivors (5120K)
 Metaspace       used 66690K, committed 67136K, reserved 1114112K
  class space    used 8941K, committed 9152K, reserved 1048576K
}
Event: 56.869 GC heap after
{Heap after GC invocations=28 (full 0):
 garbage-first heap   total 106496K, used 34893K [0x00000000d0400000, 0x0000000100000000)
  region size 1024K, 3 young (3072K), 3 survivors (3072K)
 Metaspace       used 66690K, committed 67136K, reserved 1114112K
  class space    used 8941K, committed 9152K, reserved 1048576K
}

Deoptimization events (20 events):
Event: 56.702 Thread 0x00000271e88968a0 DEOPT PACKING pc=0x00000271dfa614fc sp=0x000000ef5eefd5a0
Event: 56.702 Thread 0x00000271e88968a0 DEOPT UNPACKING pc=0x00000271df6e2b43 sp=0x000000ef5eefca58 mode 1
Event: 56.708 Thread 0x00000271e88968a0 DEOPT PACKING pc=0x00000271dfa66ed4 sp=0x000000ef5eefd590
Event: 56.708 Thread 0x00000271e88968a0 DEOPT UNPACKING pc=0x00000271df6e2b43 sp=0x000000ef5eefca28 mode 1
Event: 56.708 Thread 0x00000271e88968a0 DEOPT PACKING pc=0x00000271dfa614fc sp=0x000000ef5eefd660
Event: 56.708 Thread 0x00000271e88968a0 DEOPT UNPACKING pc=0x00000271df6e2b43 sp=0x000000ef5eefcb18 mode 1
Event: 56.714 Thread 0x00000271e88968a0 DEOPT PACKING pc=0x00000271dfa66ed4 sp=0x000000ef5eefd660
Event: 56.714 Thread 0x00000271e88968a0 DEOPT UNPACKING pc=0x00000271df6e2b43 sp=0x000000ef5eefcaf8 mode 1
Event: 56.714 Thread 0x00000271e88968a0 DEOPT PACKING pc=0x00000271dfa614fc sp=0x000000ef5eefd730
Event: 56.714 Thread 0x00000271e88968a0 DEOPT UNPACKING pc=0x00000271df6e2b43 sp=0x000000ef5eefcbe8 mode 1
Event: 204.458 Thread 0x00000271e889ba70 DEOPT PACKING pc=0x00000271dfd03d5c sp=0x000000ef5ddfc280
Event: 204.458 Thread 0x00000271e889ba70 DEOPT UNPACKING pc=0x00000271df6e2b43 sp=0x000000ef5ddfb748 mode 1
Event: 294.552 Thread 0x00000271e889ba70 DEOPT PACKING pc=0x00000271dfca1fdc sp=0x000000ef5ddfd9d0
Event: 294.552 Thread 0x00000271e889ba70 DEOPT UNPACKING pc=0x00000271df6e2b43 sp=0x000000ef5ddfcef8 mode 1
Event: 294.552 Thread 0x00000271e889ba70 DEOPT PACKING pc=0x00000271dfc882fc sp=0x000000ef5ddfdab0
Event: 294.552 Thread 0x00000271e889ba70 DEOPT UNPACKING pc=0x00000271df6e2b43 sp=0x000000ef5ddfcf50 mode 1
Event: 294.552 Thread 0x00000271e889ba70 DEOPT PACKING pc=0x00000271dfc8cd7c sp=0x000000ef5ddfdb00
Event: 294.552 Thread 0x00000271e889ba70 DEOPT UNPACKING pc=0x00000271df6e2b43 sp=0x000000ef5ddfcff0 mode 1
Event: 353.096 Thread 0x00000271e889a260 DEOPT PACKING pc=0x00000271dfd03d5c sp=0x000000ef5fffc300
Event: 353.096 Thread 0x00000271e889a260 DEOPT UNPACKING pc=0x00000271df6e2b43 sp=0x000000ef5fffb7c8 mode 1

Classes unloaded (0 events):
No events

Classes redefined (4 events):
Event: 131.790 Thread 0x00000271e6178480 redefined class name=com.asd.activos_fijos.rest.AreasRest, count=1
Event: 142.708 Thread 0x00000271e6178480 redefined class name=com.asd.activos_fijos.rest.AreasRest, count=2
Event: 285.665 Thread 0x00000271e6178480 redefined class name=com.asd.activos_fijos.service.impl.AreasServiceImpl, count=1
Event: 460.728 Thread 0x00000271e6178480 redefined class name=com.asd.activos_fijos.service.impl.AreasServiceImpl, count=2

Internal exceptions (20 events):
Event: 20.196 Thread 0x00000271dbfef380 Exception <a 'java/lang/ClassNotFoundException'{0x00000000d65c3b60}: org/springframework/core/OrderedCustomizer> (0x00000000d65c3b60) 
thrown [e:\jenkins\tmp\workspace\build\src\src\hotspot\share\classfile\systemDictionary.cpp, line 256]
Event: 20.197 Thread 0x00000271dbfef380 Exception <a 'java/lang/ClassNotFoundException'{0x00000000d65cc078}: java/lang/ObjectCustomizer> (0x00000000d65cc078) 
thrown [e:\jenkins\tmp\workspace\build\src\src\hotspot\share\classfile\systemDictionary.cpp, line 256]
Event: 20.199 Thread 0x00000271dbfef380 Exception <a 'java/lang/ClassNotFoundException'{0x00000000d65d4a18}: org/springframework/boot/autoconfigure/webservices/WebServicesAutoConfiguration$WsConfigurationCustomizer> (0x00000000d65d4a18) 
thrown [e:\jenkins\tmp\workspace\build\src\src\hotspot\share\classfile\systemDictionary.cpp, line 256]
Event: 20.201 Thread 0x00000271dbfef380 Exception <a 'java/lang/ClassNotFoundException'{0x00000000d65da8e0}: java/lang/ObjectCustomizer> (0x00000000d65da8e0) 
thrown [e:\jenkins\tmp\workspace\build\src\src\hotspot\share\classfile\systemDictionary.cpp, line 256]
Event: 20.204 Thread 0x00000271dbfef380 Exception <a 'java/lang/ClassNotFoundException'{0x00000000d65e3250}: org/springframework/boot/autoconfigure/webservices/client/WebServiceTemplateAutoConfigurationCustomizer> (0x00000000d65e3250) 
thrown [e:\jenkins\tmp\workspace\build\src\src\hotspot\share\classfile\systemDictionary.cpp, line 256]
Event: 20.212 Thread 0x00000271dbfef380 Exception <a 'java/lang/ClassNotFoundException'{0x00000000d6413a78}: org/springframework/boot/webservices/client/WebServiceTemplateBuilderBeanInfo> (0x00000000d6413a78) 
thrown [e:\jenkins\tmp\workspace\build\src\src\hotspot\share\classfile\systemDictionary.cpp, line 256]
Event: 20.215 Thread 0x00000271dbfef380 Exception <a 'java/lang/ClassNotFoundException'{0x00000000d64185c0}: org/springframework/boot/webservices/client/WebServiceTemplateBuilderCustomizer> (0x00000000d64185c0) 
thrown [e:\jenkins\tmp\workspace\build\src\src\hotspot\share\classfile\systemDictionary.cpp, line 256]
Event: 20.265 Thread 0x00000271dbfef380 Exception <a 'java/lang/NoSuchMethodError'{0x00000000d6361880}: 'java.lang.Object java.lang.invoke.DirectMethodHandle$Holder.invokeSpecial(java.lang.Object, java.lang.Object, int, java.lang.Object, int, java.lang.Object)'> (0x00000000d6361880) 
thrown [e:\jenkins\tmp\workspace\build\src\src\hotspot\share\interpreter\linkResolver.cpp, line 766]
Event: 20.267 Thread 0x00000271dbfef380 Exception <a 'java/lang/NoSuchMethodError'{0x00000000d6369680}: 'java.lang.Object java.lang.invoke.DirectMethodHandle$Holder.newInvokeSpecial(java.lang.Object, java.lang.Object, int, java.lang.Object, int)'> (0x00000000d6369680) 
thrown [e:\jenkins\tmp\workspace\build\src\src\hotspot\share\interpreter\linkResolver.cpp, line 766]
Event: 20.268 Thread 0x00000271dbfef380 Exception <a 'java/lang/NoSuchMethodError'{0x00000000d636d780}: 'java.lang.Object java.lang.invoke.DirectMethodHandle$Holder.invokeSpecial(java.lang.Object, java.lang.Object, java.lang.Object, int, java.lang.Object, int)'> (0x00000000d636d780) 
thrown [e:\jenkins\tmp\workspace\build\src\src\hotspot\share\interpreter\linkResolver.cpp, line 766]
Event: 20.271 Thread 0x00000271dbfef380 Exception <a 'java/lang/NoSuchMethodError'{0x00000000d637cc50}: 'void java.lang.invoke.DirectMethodHandle$Holder.invokeVirtual(java.lang.Object, java.lang.Object)'> (0x00000000d637cc50) 
thrown [e:\jenkins\tmp\workspace\build\src\src\hotspot\share\interpreter\linkResolver.cpp, line 766]
Event: 35.520 Thread 0x00000271e88968a0 Exception <a 'java/lang/NoSuchMethodError'{0x00000000d49df240}: 'java.lang.Object java.lang.invoke.Invokers$Holder.invoker(java.lang.Object, java.lang.Object, java.lang.Object, java.lang.Object)'> (0x00000000d49df240) 
thrown [e:\jenkins\tmp\workspace\build\src\src\hotspot\share\interpreter\linkResolver.cpp, line 766]
Event: 35.584 Thread 0x00000271e88968a0 Exception <a 'java/lang/NoSuchMethodError'{0x00000000d49e9f20}: 'int java.lang.invoke.DirectMethodHandle$Holder.invokeSpecial(java.lang.Object, java.lang.Object, java.lang.Object, int)'> (0x00000000d49e9f20) 
thrown [e:\jenkins\tmp\workspace\build\src\src\hotspot\share\interpreter\linkResolver.cpp, line 766]
Event: 35.708 Thread 0x00000271e88968a0 Exception <a 'java/lang/NoSuchMethodError'{0x00000000d48024d0}: 'void java.lang.invoke.DelegatingMethodHandle$Holder.reinvoke_L(java.lang.Object, java.lang.Object, int)'> (0x00000000d48024d0) 
thrown [e:\jenkins\tmp\workspace\build\src\src\hotspot\share\interpreter\linkResolver.cpp, line 766]
Event: 35.781 Thread 0x00000271e88968a0 Exception <a 'java/lang/NoSuchMethodError'{0x00000000d48104d0}: 'java.lang.Object java.lang.invoke.Invokers$Holder.invokeExact_MT(java.lang.Object, java.lang.Object, java.lang.Object, java.lang.Object)'> (0x00000000d48104d0) 
thrown [e:\jenkins\tmp\workspace\build\src\src\hotspot\share\interpreter\linkResolver.cpp, line 766]
Event: 40.799 Thread 0x00000271e88968a0 Exception <a 'java/lang/ClassNotFoundException'{0x00000000d4331838}: java/lang/ObjectCustomizer> (0x00000000d4331838) 
thrown [e:\jenkins\tmp\workspace\build\src\src\hotspot\share\classfile\systemDictionary.cpp, line 256]
Event: 40.862 Thread 0x00000271e88968a0 Exception <a 'java/lang/ClassNotFoundException'{0x00000000d433c1b0}: com/asd/activos_fijos/entity/AreasCustomizer> (0x00000000d433c1b0) 
thrown [e:\jenkins\tmp\workspace\build\src\src\hotspot\share\classfile\systemDictionary.cpp, line 256]
Event: 42.084 Thread 0x00000271e88968a0 Exception <a 'java/lang/reflect/InvocationTargetException'{0x00000000d3ea0960}> (0x00000000d3ea0960) 
thrown [e:\jenkins\tmp\workspace\build\src\src\hotspot\share\runtime\reflection.cpp, line 1121]
Event: 56.663 Thread 0x00000271e88968a0 Exception <a 'java/lang/NoClassDefFoundError'{0x00000000d3efa9a0}: sun/reflect/Reflection> (0x00000000d3efa9a0) 
thrown [e:\jenkins\tmp\workspace\build\src\src\hotspot\share\classfile\systemDictionary.cpp, line 245]
Event: 294.552 Thread 0x00000271e889ba70 Exception <a 'java/lang/reflect/InvocationTargetException'{0x00000000d6927e28}> (0x00000000d6927e28) 
thrown [e:\jenkins\tmp\workspace\build\src\src\hotspot\share\runtime\reflection.cpp, line 1121]

VM Operations (20 events):
Event: 461.084 Executing VM operation: GetObjectMonitorUsage
Event: 461.084 Executing VM operation: GetObjectMonitorUsage done
Event: 461.084 Executing VM operation: GetObjectMonitorUsage
Event: 461.084 Executing VM operation: GetObjectMonitorUsage done
Event: 461.084 Executing VM operation: GetObjectMonitorUsage
Event: 461.085 Executing VM operation: GetObjectMonitorUsage done
Event: 461.085 Executing VM operation: GetObjectMonitorUsage
Event: 461.085 Executing VM operation: GetObjectMonitorUsage done
Event: 461.100 Executing VM operation: GetObjectMonitorUsage
Event: 461.101 Executing VM operation: GetObjectMonitorUsage done
Event: 461.101 Executing VM operation: GetObjectMonitorUsage
Event: 461.101 Executing VM operation: GetObjectMonitorUsage done
Event: 461.106 Executing VM operation: GetObjectMonitorUsage
Event: 461.106 Executing VM operation: GetObjectMonitorUsage done
Event: 461.107 Executing VM operation: GetObjectMonitorUsage
Event: 461.107 Executing VM operation: GetObjectMonitorUsage done
Event: 461.110 Executing VM operation: GetObjectMonitorUsage
Event: 461.110 Executing VM operation: GetObjectMonitorUsage done
Event: 461.111 Executing VM operation: GetObjectMonitorUsage
Event: 461.111 Executing VM operation: GetObjectMonitorUsage done

Events (20 events):
Event: 41.688 loading class java/util/ResourceBundle$Control$1 done
Event: 56.662 loading class sun/reflect/Reflection
Event: 56.662 loading class sun/reflect/Reflection done
Event: 56.667 loading class jdk/internal/loader/BootLoader$PackageHelper
Event: 56.668 loading class jdk/internal/loader/BootLoader$PackageHelper done
Event: 56.818 loading class java/util/stream/LongStream
Event: 56.829 loading class java/util/stream/LongStream done
Event: 56.829 loading class java/util/stream/DoubleStream
Event: 56.830 loading class java/util/stream/DoubleStream done
Event: 56.884 loading class java/nio/StringCharBuffer
Event: 56.887 loading class java/nio/StringCharBuffer done
Event: 108.424 Thread 0x00000271e8895f00 Thread exited: 0x00000271e8895f00
Event: 108.424 Thread 0x00000271e8895560 Thread exited: 0x00000271e8895560
Event: 108.425 Thread 0x00000271e88963d0 Thread exited: 0x00000271e88963d0
Event: 108.438 Thread 0x00000271e7a03100 Thread exited: 0x00000271e7a03100
Event: 108.438 Thread 0x00000271e889bf40 Thread exited: 0x00000271e889bf40
Event: 196.398 Thread 0x00000271e8899d90 Thread added: 0x00000271e8899d90
Event: 196.399 Thread 0x00000271e889ba70 Thread added: 0x00000271e889ba70
Event: 340.757 Thread 0x00000271e8895f00 Thread added: 0x00000271e8895f00
Event: 340.758 Thread 0x00000271e889a260 Thread added: 0x00000271e889a260


Dynamic libraries:
0x00007ff735ef0000 - 0x00007ff735efe000 	C:\Program Files\sts-4.12.1.RELEASE\plugins\org.eclipse.justj.openjdk.hotspot.jre.full.win32.x86_64_17.0.0.v20211012-1059\jre\bin\javaw.exe
0x00007ffd16130000 - 0x00007ffd16325000 	C:\WINDOWS\SYSTEM32\ntdll.dll
0x00007ffd14480000 - 0x00007ffd1453e000 	C:\WINDOWS\System32\KERNEL32.DLL
0x00007ffd13940000 - 0x00007ffd13c08000 	C:\WINDOWS\System32\KERNELBASE.dll
0x00007ffd13d10000 - 0x00007ffd13e10000 	C:\WINDOWS\System32\ucrtbase.dll
0x00007ffd057b0000 - 0x00007ffd057c8000 	C:\Program Files\sts-4.12.1.RELEASE\plugins\org.eclipse.justj.openjdk.hotspot.jre.full.win32.x86_64_17.0.0.v20211012-1059\jre\bin\jli.dll
0x00007ffcfebe0000 - 0x00007ffcfebf9000 	C:\Program Files\sts-4.12.1.RELEASE\plugins\org.eclipse.justj.openjdk.hotspot.jre.full.win32.x86_64_17.0.0.v20211012-1059\jre\bin\VCRUNTIME140.dll
0x00007ffd14540000 - 0x00007ffd146e1000 	C:\WINDOWS\System32\USER32.dll
0x00007ffd14140000 - 0x00007ffd14162000 	C:\WINDOWS\System32\win32u.dll
0x00007ffd15eb0000 - 0x00007ffd15edb000 	C:\WINDOWS\System32\GDI32.dll
0x00007ffd13e10000 - 0x00007ffd13f1d000 	C:\WINDOWS\System32\gdi32full.dll
0x00007ffd138a0000 - 0x00007ffd1393d000 	C:\WINDOWS\System32\msvcp_win.dll
0x00007ffd01ce0000 - 0x00007ffd01f7a000 	C:\WINDOWS\WinSxS\amd64_microsoft.windows.common-controls_6595b64144ccf1df_6.0.19041.1110_none_60b5254171f9507e\COMCTL32.dll
0x00007ffd15c70000 - 0x00007ffd15d0e000 	C:\WINDOWS\System32\msvcrt.dll
0x00007ffd14450000 - 0x00007ffd14480000 	C:\WINDOWS\System32\IMM32.DLL
0x00007ffd057a0000 - 0x00007ffd057ac000 	C:\Program Files\sts-4.12.1.RELEASE\plugins\org.eclipse.justj.openjdk.hotspot.jre.full.win32.x86_64_17.0.0.v20211012-1059\jre\bin\vcruntime140_1.dll
0x00007ffcfe1c0000 - 0x00007ffcfe251000 	C:\Program Files\sts-4.12.1.RELEASE\plugins\org.eclipse.justj.openjdk.hotspot.jre.full.win32.x86_64_17.0.0.v20211012-1059\jre\bin\msvcp140.dll
0x00007ffcde720000 - 0x00007ffcdf366000 	C:\Program Files\sts-4.12.1.RELEASE\plugins\org.eclipse.justj.openjdk.hotspot.jre.full.win32.x86_64_17.0.0.v20211012-1059\jre\bin\server\jvm.dll
0x00007ffd14f80000 - 0x00007ffd1502c000 	C:\WINDOWS\System32\ADVAPI32.dll
0x00007ffd15b10000 - 0x00007ffd15bab000 	C:\WINDOWS\System32\sechost.dll
0x00007ffd14e50000 - 0x00007ffd14f7a000 	C:\WINDOWS\System32\RPCRT4.dll
0x00007ffd15c60000 - 0x00007ffd15c68000 	C:\WINDOWS\System32\PSAPI.DLL
0x00007ffd04200000 - 0x00007ffd04209000 	C:\WINDOWS\SYSTEM32\WSOCK32.dll
0x00007ffd143e0000 - 0x00007ffd1444b000 	C:\WINDOWS\System32\WS2_32.dll
0x00007ffcfaed0000 - 0x00007ffcfaef7000 	C:\WINDOWS\SYSTEM32\WINMM.dll
0x00007ffd06bc0000 - 0x00007ffd06bca000 	C:\WINDOWS\SYSTEM32\VERSION.dll
0x00007ffd12110000 - 0x00007ffd12122000 	C:\WINDOWS\SYSTEM32\kernel.appcore.dll
0x00007ffd01480000 - 0x00007ffd0148a000 	C:\Program Files\sts-4.12.1.RELEASE\plugins\org.eclipse.justj.openjdk.hotspot.jre.full.win32.x86_64_17.0.0.v20211012-1059\jre\bin\jimage.dll
0x00007ffd05e60000 - 0x00007ffd06044000 	C:\WINDOWS\SYSTEM32\DBGHELP.DLL
0x00007ffd05730000 - 0x00007ffd0575c000 	C:\WINDOWS\SYSTEM32\dbgcore.DLL
0x00007ffd140b0000 - 0x00007ffd14132000 	C:\WINDOWS\System32\bcryptPrimitives.dll
0x00007ffd05a50000 - 0x00007ffd05a8b000 	C:\Program Files\sts-4.12.1.RELEASE\plugins\org.eclipse.justj.openjdk.hotspot.jre.full.win32.x86_64_17.0.0.v20211012-1059\jre\bin\jdwp.dll
0x00007ffd098a0000 - 0x00007ffd098ae000 	C:\Program Files\sts-4.12.1.RELEASE\plugins\org.eclipse.justj.openjdk.hotspot.jre.full.win32.x86_64_17.0.0.v20211012-1059\jre\bin\instrument.dll
0x00007ffce6a30000 - 0x00007ffce6a55000 	C:\Program Files\sts-4.12.1.RELEASE\plugins\org.eclipse.justj.openjdk.hotspot.jre.full.win32.x86_64_17.0.0.v20211012-1059\jre\bin\java.dll
0x00007ffcde700000 - 0x00007ffcde718000 	C:\Program Files\sts-4.12.1.RELEASE\plugins\org.eclipse.justj.openjdk.hotspot.jre.full.win32.x86_64_17.0.0.v20211012-1059\jre\bin\zip.dll
0x00007ffd146f0000 - 0x00007ffd14e34000 	C:\WINDOWS\System32\SHELL32.dll
0x00007ffd11860000 - 0x00007ffd11ff4000 	C:\WINDOWS\SYSTEM32\windows.storage.dll
0x00007ffd15240000 - 0x00007ffd15595000 	C:\WINDOWS\System32\combase.dll
0x00007ffd131c0000 - 0x00007ffd131ee000 	C:\WINDOWS\SYSTEM32\Wldp.dll
0x00007ffd15d10000 - 0x00007ffd15dbd000 	C:\WINDOWS\System32\SHCORE.dll
0x00007ffd15030000 - 0x00007ffd15085000 	C:\WINDOWS\System32\shlwapi.dll
0x00007ffd13780000 - 0x00007ffd1379f000 	C:\WINDOWS\SYSTEM32\profapi.dll
0x00007ffd05800000 - 0x00007ffd0580c000 	C:\Program Files\sts-4.12.1.RELEASE\plugins\org.eclipse.justj.openjdk.hotspot.jre.full.win32.x86_64_17.0.0.v20211012-1059\jre\bin\dt_socket.dll
0x00007ffd12c10000 - 0x00007ffd12c4b000 	C:\WINDOWS\SYSTEM32\IPHLPAPI.DLL
0x00007ffd12f20000 - 0x00007ffd12f8a000 	C:\WINDOWS\system32\mswsock.dll
0x00007ffd12c50000 - 0x00007ffd12d1b000 	C:\WINDOWS\SYSTEM32\DNSAPI.dll
0x00007ffd14e40000 - 0x00007ffd14e48000 	C:\WINDOWS\System32\NSI.dll
0x00007ffd07940000 - 0x00007ffd0794a000 	C:\Windows\System32\rasadhlp.dll
0x00007ffd09b60000 - 0x00007ffd09bdf000 	C:\WINDOWS\System32\fwpuclnt.dll
0x00007ffd14080000 - 0x00007ffd140a7000 	C:\WINDOWS\System32\bcrypt.dll
0x00007ffce5cb0000 - 0x00007ffce5cc9000 	C:\Program Files\sts-4.12.1.RELEASE\plugins\org.eclipse.justj.openjdk.hotspot.jre.full.win32.x86_64_17.0.0.v20211012-1059\jre\bin\net.dll
0x00007ffd0a380000 - 0x00007ffd0a48c000 	C:\WINDOWS\SYSTEM32\WINHTTP.dll
0x00007ffce5c90000 - 0x00007ffce5ca5000 	C:\Program Files\sts-4.12.1.RELEASE\plugins\org.eclipse.justj.openjdk.hotspot.jre.full.win32.x86_64_17.0.0.v20211012-1059\jre\bin\nio.dll
0x00007ffce60f0000 - 0x00007ffce60f9000 	C:\Program Files\sts-4.12.1.RELEASE\plugins\org.eclipse.justj.openjdk.hotspot.jre.full.win32.x86_64_17.0.0.v20211012-1059\jre\bin\management.dll
0x00007ffd0e020000 - 0x00007ffd0e030000 	C:\Program Files\sts-4.12.1.RELEASE\plugins\org.eclipse.justj.openjdk.hotspot.jre.full.win32.x86_64_17.0.0.v20211012-1059\jre\bin\verify.dll
0x00007ffce60a0000 - 0x00007ffce60ab000 	C:\Program Files\sts-4.12.1.RELEASE\plugins\org.eclipse.justj.openjdk.hotspot.jre.full.win32.x86_64_17.0.0.v20211012-1059\jre\bin\management_ext.dll
0x00007ffcfe770000 - 0x00007ffcfe787000 	C:\WINDOWS\system32\napinsp.dll
0x00007ffcfe790000 - 0x00007ffcfe7ab000 	C:\WINDOWS\system32\pnrpnsp.dll
0x00007ffcfe7f0000 - 0x00007ffcfe805000 	C:\WINDOWS\system32\wshbth.dll
0x00007ffd0f140000 - 0x00007ffd0f15d000 	C:\WINDOWS\system32\NLAapi.dll
0x00007ffcfe8f0000 - 0x00007ffcfe902000 	C:\WINDOWS\System32\winrnr.dll
0x00007ffd13120000 - 0x00007ffd13138000 	C:\WINDOWS\SYSTEM32\CRYPTSP.dll
0x00007ffd128a0000 - 0x00007ffd128d4000 	C:\WINDOWS\system32\rsaenh.dll
0x00007ffd13740000 - 0x00007ffd1376e000 	C:\WINDOWS\SYSTEM32\USERENV.dll
0x00007ffd13110000 - 0x00007ffd1311c000 	C:\WINDOWS\SYSTEM32\CRYPTBASE.dll
0x00007ffd0d7c0000 - 0x00007ffd0d7d7000 	C:\WINDOWS\SYSTEM32\dhcpcsvc6.DLL
0x00007ffd0d7a0000 - 0x00007ffd0d7bd000 	C:\WINDOWS\SYSTEM32\dhcpcsvc.DLL
0x00007ffd10ff0000 - 0x00007ffd10ffe000 	C:\Program Files\sts-4.12.1.RELEASE\plugins\org.eclipse.justj.openjdk.hotspot.jre.full.win32.x86_64_17.0.0.v20211012-1059\jre\bin\sunmscapi.dll
0x00007ffd13f20000 - 0x00007ffd14076000 	C:\WINDOWS\System32\CRYPT32.dll
0x00007ffd13230000 - 0x00007ffd13257000 	C:\WINDOWS\SYSTEM32\ncrypt.dll
0x00007ffd131f0000 - 0x00007ffd1322b000 	C:\WINDOWS\SYSTEM32\NTASN1.dll
0x00007ffd057d0000 - 0x00007ffd057d7000 	C:\WINDOWS\system32\wshunix.dll

dbghelp: loaded successfully - version: 4.0.5 - missing functions: none
symbol engine: initialized successfully - sym options: 0x614 - pdb path: .;C:\Program Files\sts-4.12.1.RELEASE\plugins\org.eclipse.justj.openjdk.hotspot.jre.full.win32.x86_64_17.0.0.v20211012-1059\jre\bin;C:\WINDOWS\SYSTEM32;C:\WINDOWS\WinSxS\amd64_microsoft.windows.common-controls_6595b64144ccf1df_6.0.19041.1110_none_60b5254171f9507e;C:\Program Files\sts-4.12.1.RELEASE\plugins\org.eclipse.justj.openjdk.hotspot.jre.full.win32.x86_64_17.0.0.v20211012-1059\jre\bin\server

VM Arguments:
jvm_args: -XX:+ShowCodeDetailsInExceptionMessages -agentlib:jdwp=transport=dt_socket,suspend=y,address=localhost:62531 -Dcom.sun.management.jmxremote -Dcom.sun.management.jmxremote.port=62530 -Dcom.sun.management.jmxremote.authenticate=false -Dcom.sun.management.jmxremote.ssl=false -Djava.rmi.server.hostname=localhost -Dspring.jmx.enabled=true -Dspring.application.admin.enabled=true -XX:TieredStopAtLevel=1 -Dspring.boot.project.name=activos_fijos -javaagent:C:\Users\lramirez\.eclipse\org.eclipse.platform_4.21.0_1300902184_win32_win32_x86_64\configuration\org.eclipse.osgi\258\0\.cp\lib\javaagent-shaded.jar -Dfile.encoding=UTF-8 
java_command: com.asd.activos_fijos.ActivosFijosApplication --spring.output.ansi.enabled=always
java_class_path (initial): C:\Users\lramirez\repositorio\activos_fijos\target\classes;C:\Users\lramirez\.m2\repository\org\springframework\boot\spring-boot-starter-data-jpa\2.6.2\spring-boot-starter-data-jpa-2.6.2.jar;C:\Users\lramirez\.m2\repository\org\springframework\boot\spring-boot-starter-aop\2.6.2\spring-boot-starter-aop-2.6.2.jar;C:\Users\lramirez\.m2\repository\org\springframework\spring-aop\5.3.14\spring-aop-5.3.14.jar;C:\Users\lramirez\.m2\repository\org\aspectj\aspectjweaver\1.9.7\aspectjweaver-1.9.7.jar;C:\Users\lramirez\.m2\repository\org\springframework\boot\spring-boot-starter-jdbc\2.6.2\spring-boot-starter-jdbc-2.6.2.jar;C:\Users\lramirez\.m2\repository\com\zaxxer\HikariCP\4.0.3\HikariCP-4.0.3.jar;C:\Users\lramirez\.m2\repository\org\springframework\spring-jdbc\5.3.14\spring-jdbc-5.3.14.jar;C:\Users\lramirez\.m2\repository\jakarta\transaction\jakarta.transaction-api\1.3.3\jakarta.transaction-api-1.3.3.jar;C:\Users\lramirez\.m2\repository\jakarta\persistence\jakarta.persistence-api\2.2.3\jakarta.persistence-api-2.2.3.jar;C:\Users\lramirez\.m2\repository\org\hibernate\hibernate-core\5.6.3.Final\hibernate-core-5.6.3.Final.jar;C:\Users\lramirez\.m2\repository\org\jboss\logging\jboss-logging\3.4.2.Final\jboss-logging-3.4.2.Final.jar;C:\Users\lramirez\.m2\repository\net\bytebuddy\byte-buddy\1.11.22\byte-buddy-1.11.22.jar;C:\Users\lramirez\.m2\repository\antlr\antlr\2.7.7\antlr-2.7.7.jar;C:\Users\lramirez\.m2\repository\org\jboss\jandex\2.2.3.Final\jandex-2.2.3.Final.jar;C:\Users\lramirez\.m2\repository\org\hibernate\common\hibernate-commons-annotations\5.1.2.Final\hibernate-commons-annotations-5.1.2.Final.jar;C:\Users\lramirez\.m2\repository\org\glassfish\jaxb\jaxb-runtime\2.3.5\jaxb-runtime-2.3.5.jar;C:\Users\lramirez\.m2\repository\org\glassfish\jaxb\txw2\2.3.5\txw2-2.3.5.jar;C:\Users\lramirez\.m2\repository\com\sun\istack\istack-commons-runtime\3.0.12\istack-commons-runtime-3.0.12.jar;C:\Users\lramirez\.m2\repository\org\springframework\data\spring-d
Launcher Type: SUN_STANDARD

[Global flags]
     intx CICompilerCount                          = 2                                         {product} {ergonomic}
     uint ConcGCThreads                            = 1                                         {product} {ergonomic}
     uint G1ConcRefinementThreads                  = 2                                         {product} {ergonomic}
   size_t G1HeapRegionSize                         = 1048576                                   {product} {ergonomic}
    uintx GCDrainStackTargetSize                   = 64                                        {product} {ergonomic}
   size_t InitialHeapSize                          = 50331648                                  {product} {ergonomic}
     bool ManagementServer                         = true                                      {product} {command line}
   size_t MarkStackSize                            = 4194304                                   {product} {ergonomic}
   size_t MaxHeapSize                              = 801112064                                 {product} {ergonomic}
   size_t MaxNewSize                               = 480247808                                 {product} {ergonomic}
   size_t MinHeapDeltaBytes                        = 1048576                                   {product} {ergonomic}
   size_t MinHeapSize                              = 8388608                                   {product} {ergonomic}
    uintx NonProfiledCodeHeapSize                  = 0                                      {pd product} {ergonomic}
     bool ProfileInterpreter                       = false                                  {pd product} {command line}
    uintx ProfiledCodeHeapSize                     = 0                                      {pd product} {ergonomic}
     bool ShowCodeDetailsInExceptionMessages       = true                                   {manageable} {command line}
   size_t SoftMaxHeapSize                          = 801112064                              {manageable} {ergonomic}
     intx TieredStopAtLevel                        = 1                                         {product} {command line}
     bool UseCompressedClassPointers               = true                           {product lp64_product} {ergonomic}
     bool UseCompressedOops                        = true                           {product lp64_product} {ergonomic}
     bool UseG1GC                                  = true                                      {product} {ergonomic}
     bool UseLargePagesIndividualAllocation        = false                                  {pd product} {ergonomic}

Logging:
Log output configuration:
 #0: stdout all=warning uptime,level,tags
 #1: stderr all=off uptime,level,tags

Environment Variables:
JAVA_HOME=C:\Program Files\Java\jdk-11.0.13
PATH=C:\Program Files\sts-4.12.1.RELEASE\plugins\org.eclipse.justj.openjdk.hotspot.jre.full.win32.x86_64_17.0.0.v20211012-1059\jre\bin;C:/Program Files/sts-4.12.1.RELEASE//plugins/org.eclipse.justj.openjdk.hotspot.jre.full.win32.x86_64_17.0.0.v20211012-1059/jre/bin/server;C:/Program Files/sts-4.12.1.RELEASE//plugins/org.eclipse.justj.openjdk.hotspot.jre.full.win32.x86_64_17.0.0.v20211012-1059/jre/bin;C:\Program Files (x86)\Parallels\Parallels Tools\Applications;C:\Program Files\Common Files\Oracle\Java\javapath;C:\Program Files (x86)\Common Files\Oracle\Java\javapath;C:\WINDOWS\system32;C:\WINDOWS;C:\WINDOWS\System32\Wbem;C:\WINDOWS\System32\WindowsPowerShell\v1.0\;C:\Program Files\Java\jdk-11.0.13\bin;C:\WINDOWS\System32\OpenSSH\;C:\Program Files\apache-maven-3.8.3\bin;C:\Program Files\Git\cmd;C:\Users\lramirez\AppData\Local\Microsoft\WindowsApps;;C:\Program Files\sts-4.12.1.RELEASE;
USERNAME=lramirez
OS=Windows_NT
PROCESSOR_IDENTIFIER=Intel64 Family 6 Model 69 Stepping 1, GenuineIntel



---------------  S Y S T E M  ---------------

OS:
 Windows 10 , 64 bit Build 19041 (10.0.19041.1348)
OS uptime: 0 days 8:59 hours

CPU: total 2 (initial active 2) (2 cores per cpu, 1 threads per core) family 6 model 69 stepping 1 microcode 0x26, cx8, cmov, fxsr, mmx, sse, sse2, sse3, ssse3, sse4.1, sse4.2, popcnt, lzcnt, tsc, avx, avx2, aes, erms, clmul, bmi1, bmi2, fma, vzeroupper, clflush, hv

Memory: 4k page, system-wide physical 3049M (421M free)
TotalPageFile size 10420M (AvailPageFile size 1895M)
current process WorkingSet (physical memory assigned to process): 113M, peak: 247M
current process commit charge ("private bytes"): 268M, peak: 268M

vm_info: OpenJDK 64-Bit Server VM (17+35) for windows-amd64 JRE (17+35), built on Sep 14 2021 17:27:39 by "" with MS VC++ 16.7 (VS2019)

END.
